[15:53:45.485][info] [#0:/home/goalarch/.config/coc/extensions/coc-sumneko-lua-data/sumneko-lua-ls/extension/server/main.lua:66]: Lua Lsp startup, root: 	/home/goalarch/.config/coc/extensions/coc-sumneko-lua-data/sumneko-lua-ls/extension/server
[15:53:45.485][info] [#0:/home/goalarch/.config/coc/extensions/coc-sumneko-lua-data/sumneko-lua-ls/extension/server/main.lua:67]: ROOT:	/home/goalarch/.config/coc/extensions/coc-sumneko-lua-data/sumneko-lua-ls/extension/server
[15:53:45.485][info] [#0:/home/goalarch/.config/coc/extensions/coc-sumneko-lua-data/sumneko-lua-ls/extension/server/main.lua:68]: LOGPATH:	/home/goalarch/.config/coc/extensions/coc-sumneko-lua-data/sumneko-lua-ls/extension/server/log
[15:53:45.485][info] [#0:/home/goalarch/.config/coc/extensions/coc-sumneko-lua-data/sumneko-lua-ls/extension/server/main.lua:69]: METAPATH:	/home/goalarch/.config/coc/extensions/coc-sumneko-lua-data/sumneko-lua-ls/extension/server/meta
[15:53:45.486][info] [#0:/home/goalarch/.config/coc/extensions/coc-sumneko-lua-data/sumneko-lua-ls/extension/server/main.lua:70]: VERSION:	3.6.17
[15:53:45.554][info] [#0:script/service/service.lua:144]: 
========= Medical Examination Report =========
    --------------- Memory ---------------
        Total: 2.092 MB
        # 00 : 2.092 MB
        # 01 : 0.000 MB
        # 02 : 0.000 MB
        # 03 : 0.000 MB
        # 04 : 0.000 MB
    --------------- Coroutine ---------------
        Total:     0
        Running:   0
        Suspended: 0
        Normal:    0
        Dead:      0
    --------------- Cache ---------------
        Total: 1
        Dead:  0
    ---------------  RPC  ---------------
        Holdon:   0
        Waiting:  0
==============================================
[15:53:45.571][info] [#0:script/client.lua:657]: Client init	{
  capabilities = {
    general = {
      markdown = {
        parser = "marked",
        version = "4.0.10"
      },
      positionEncodings = { "utf-16" },
      regularExpressions = {
        engine = "ECMAScript",
        version = "ES2020"
      },
      staleRequestSupport = {
        cancel = true,
        retryOnContentModified = { "textDocument/inlayHint", "textDocument/semanticTokens/full", "textDocument/semanticTokens/range", "textDocument/semanticTokens/full/delta" }
      }
    },
    textDocument = {
      callHierarchy = {
        dynamicRegistration = true
      },
      codeAction = {
        codeActionLiteralSupport = {
          codeActionKind = {
            valueSet = { "", "quickfix", "refactor", "refactor.extract", "refactor.inline", "refactor.rewrite", "source", "source.organizeImports" }
          }
        },
        dataSupport = true,
        disabledSupport = true,
        dynamicRegistration = true,
        honorsChangeAnnotations = false,
        isPreferredSupport = true,
        resolveSupport = {
          properties = { "edit" }
        }
      },
      codeLens = {
        dynamicRegistration = true
      },
      colorProvider = {
        dynamicRegistration = true
      },
      completion = {
        completionItem = {
          commitCharactersSupport = true,
          deprecatedSupport = true,
          documentationFormat = { "markdown", "plaintext" },
          insertReplaceSupport = true,
          insertTextModeSupport = {
            valueSet = { 1, 2 }
          },
          labelDetailsSupport = true,
          preselectSupport = true,
          resolveSupport = {
            properties = { "documentation", "detail", "additionalTextEdits" }
          },
          snippetSupport = true,
          tagSupport = {
            valueSet = { 1 }
          }
        },
        completionItemKind = {
          valueSet = { 1, 2, 3, 4, 5, 6, 7, 8, 9, 10, 11, 12, 13, 14, 15, 16, 17, 18, 19, 20, 21, 22, 23, 24, 25 }
        },
        completionList = {
          itemDefaults = { "commitCharacters", "editRange", "insertTextFormat", "insertTextMode" }
        },
        contextSupport = true,
        dynamicRegistration = true,
        insertTextMode = 2
      },
      declaration = {
        dynamicRegistration = true,
        linkSupport = true
      },
      definition = {
        dynamicRegistration = true,
        linkSupport = true
      },
      diagnostic = {
        dynamicRegistration = true,
        relatedDocumentSupport = true
      },
      documentHighlight = {
        dynamicRegistration = true
      },
      documentLink = {
        dynamicRegistration = true,
        tooltipSupport = true
      },
      documentSymbol = {
        dynamicRegistration = true,
        hierarchicalDocumentSymbolSupport = true,
        labelSupport = true,
        symbolKind = {
          valueSet = { 1, 2, 3, 4, 5, 6, 7, 8, 9, 10, 11, 12, 13, 14, 15, 16, 17, 18, 19, 20, 21, 22, 23, 24, 25, 26 }
        },
        tagSupport = {
          valueSet = { 1 }
        }
      },
      foldingRange = {
        dynamicRegistration = true,
        foldingRange = {
          collapsedText = false
        },
        foldingRangeKind = {
          valueSet = { "comment", "imports", "region" }
        },
        lineFoldingOnly = true,
        rangeLimit = 5000
      },
      formatting = {
        dynamicRegistration = true
      },
      hover = {
        contentFormat = { "markdown", "plaintext" },
        dynamicRegistration = true
      },
      implementation = {
        dynamicRegistration = true,
        linkSupport = true
      },
      inlayHint = {
        dynamicRegistration = true,
        resolveSupport = {
          properties = { "tooltip", "textEdits", "label.tooltip", "label.location", "label.command" }
        }
      },
      inlineValue = {
        dynamicRegistration = true
      },
      linkedEditingRange = {
        dynamicRegistration = true
      },
      onTypeFormatting = {
        dynamicRegistration = true
      },
      publishDiagnostics = {
        codeDescriptionSupport = true,
        dataSupport = true,
        relatedInformation = true,
        tagSupport = {
          valueSet = { 1, 2 }
        },
        versionSupport = true
      },
      rangeFormatting = {
        dynamicRegistration = true
      },
      references = {
        dynamicRegistration = true
      },
      rename = {
        dynamicRegistration = true,
        honorsChangeAnnotations = true,
        prepareSupport = true,
        prepareSupportDefaultBehavior = 1
      },
      selectionRange = {
        dynamicRegistration = true
      },
      semanticTokens = {
        augmentsSyntaxTokens = true,
        dynamicRegistration = true,
        formats = { "relative" },
        multilineTokenSupport = false,
        overlappingTokenSupport = false,
        requests = {
          full = {
            delta = true
          },
          range = true
        },
        serverCancelSupport = true,
        tokenModifiers = { "declaration", "definition", "readonly", "static", "deprecated", "abstract", "async", "modification", "documentation", "defaultLibrary" },
        tokenTypes = { "namespace", "type", "class", "enum", "interface", "struct", "typeParameter", "parameter", "variable", "property", "enumMember", "event", "function", "method", "macro", "keyword", "modifier", "comment", "string", "number", "regexp", "decorator", "operator" }
      },
      signatureHelp = {
        contextSupport = true,
        dynamicRegistration = true,
        signatureInformation = {
          activeParameterSupport = true,
          documentationFormat = { "markdown", "plaintext" },
          parameterInformation = {
            labelOffsetSupport = true
          }
        }
      },
      synchronization = {
        didSave = true,
        dynamicRegistration = true,
        willSave = true,
        willSaveWaitUntil = true
      },
      typeDefinition = {
        dynamicRegistration = true,
        linkSupport = true
      },
      typeHierarchy = {
        dynamicRegistration = true
      }
    },
    window = {
      showDocument = {
        support = true
      },
      showMessage = {
        messageActionItem = {
          additionalPropertiesSupport = true
        }
      },
      workDoneProgress = true
    },
    workspace = {
      applyEdit = true,
      codeLens = {
        refreshSupport = true
      },
      configuration = true,
      diagnostics = {
        refreshSupport = true
      },
      didChangeConfiguration = {
        dynamicRegistration = true
      },
      didChangeWatchedFiles = {
        dynamicRegistration = true,
        relativePatternSupport = true
      },
      executeCommand = {
        dynamicRegistration = true
      },
      fileOperations = {
        didCreate = true,
        didDelete = true,
        didRename = true,
        dynamicRegistration = true,
        willCreate = true,
        willDelete = true,
        willRename = true
      },
      inlayHint = {
        refreshSupport = true
      },
      inlineValue = {
        refreshSupport = true
      },
      semanticTokens = {
        refreshSupport = true
      },
      symbol = {
        dynamicRegistration = true,
        resolveSupport = {
          properties = { "location.range" }
        },
        symbolKind = {
          valueSet = { 1, 2, 3, 4, 5, 6, 7, 8, 9, 10, 11, 12, 13, 14, 15, 16, 17, 18, 19, 20, 21, 22, 23, 24, 25, 26 }
        },
        tagSupport = {
          valueSet = { 1 }
        }
      },
      workspaceEdit = {
        changeAnnotationSupport = {
          groupsOnLabel = false
        },
        documentChanges = true,
        failureHandling = "undo",
        normalizesLineEndings = true,
        resourceOperations = { "create", "rename", "delete" }
      },
      workspaceFolders = true
    }
  },
  clientInfo = {
    name = "coc.nvim",
    version = "0.0.82"
  },
  initializationOptions = {
    changeConfiguration = true
  },
  locale = "en_US",
  processId = 562,
  rootPath = "/home/goalarch/.config/awesome",
  rootUri = "file:///home/goalarch/.config/awesome",
  trace = "off",
  workDoneToken = "c6592dba-7219-4c44-9d93-1f28b4a9850a",
  workspaceFolders = { {
      name = "awesome",
      uri = "file:///home/goalarch/.config/awesome"
    } }
}
[15:53:45.572][info] [#0:script/language.lua:137]: VSC language: en-us
[15:53:45.572][info] [#0:script/language.lua:138]: LS  language: en-us
[15:53:45.572][info] [#0:script/workspace/workspace.lua:38]: Workspace init root: 	file:///home/goalarch/.config/awesome
[15:53:45.574][info] [#0:script/workspace/workspace.lua:42]: Log path: 	/home/goalarch/.config/coc/extensions/coc-sumneko-lua-data/sumneko-lua-ls/extension/server/log/file_home_goalarch_.config_awesome.log
[15:53:45.575][info] [#0:script/workspace/workspace.lua:48]: Workspace create: 	file:///home/goalarch/.config/awesome
[15:53:45.682][info] [#0:script/provider/provider.lua:46]: Load config from client	file:///home/goalarch/.config/awesome
[15:53:45.682][info] [#0:script/provider/provider.lua:47]: {
  Lua = {
    codeLens = {
      enable = false
    },
    completion = {
      autoRequire = true,
      callSnippet = "Disable",
      displayContext = 0,
      enable = true,
      keywordSnippet = "Replace",
      postfix = "@",
      requireSeparator = ".",
      showParams = true,
      showWord = "Fallback",
      workspaceWord = true
    },
    diagnostics = {
      disable = {},
      disableScheme = { "git" },
      enable = true,
      globals = {},
      groupFileStatus = {},
      groupSeverity = {},
      ignoredFiles = "Opened",
      libraryFiles = "Opened",
      neededFileStatus = {},
      severity = {},
      unusedLocalExclude = {},
      workspaceDelay = 3000,
      workspaceEvent = "OnSave",
      workspaceRate = 100
    },
    doc = {
      packageName = {},
      privateName = {},
      protectedName = {}
    },
    format = {
      defaultConfig = {},
      enable = true
    },
    hint = {
      arrayIndex = "Auto",
      await = true,
      enable = true,
      paramName = "All",
      paramType = true,
      semicolon = "SameLine",
      setType = false
    },
    hover = {
      enable = true,
      enumsLimit = 5,
      expandAlias = true,
      previewFields = 50,
      viewNumber = true,
      viewString = true,
      viewStringMax = 1000
    },
    misc = {
      executablePath = "",
      parameters = {}
    },
    runtime = {
      builtin = {},
      fileEncoding = "utf8",
      meta = "${version} ${language} ${encoding}",
      nonstandardSymbol = {},
      path = { "?.lua", "?/init.lua" },
      pathStrict = false,
      plugin = "",
      pluginArgs = {},
      special = {},
      unicodeName = false,
      version = "Lua 5.4"
    },
    semantic = {
      annotation = true,
      enable = true,
      keyword = false,
      variable = true
    },
    signatureHelp = {
      enable = true
    },
    spell = {
      dict = {}
    },
    type = {
      castNumberToInteger = true,
      weakNilCheck = false,
      weakUnionCheck = false
    },
    typeFormat = {
      config = {}
    },
    window = {
      progressBar = true,
      statusBar = true
    },
    workspace = {
      checkThirdParty = true,
      ignoreDir = { ".vscode" },
      ignoreSubmodules = true,
      library = {},
      maxPreload = 5000,
      preloadFileSize = 500,
      useGitIgnore = true,
      userThirdParty = {}
    }
  }
}
[15:53:45.684][info] [#0:script/provider/provider.lua:61]: Load config from client	fallback
[15:53:45.685][info] [#0:script/provider/provider.lua:62]: {
  Lua = {
    codeLens = {
      enable = false
    },
    completion = {
      autoRequire = true,
      callSnippet = "Disable",
      displayContext = 0,
      enable = true,
      keywordSnippet = "Replace",
      postfix = "@",
      requireSeparator = ".",
      showParams = true,
      showWord = "Fallback",
      workspaceWord = true
    },
    diagnostics = {
      disable = {},
      disableScheme = { "git" },
      enable = true,
      globals = {},
      groupFileStatus = {},
      groupSeverity = {},
      ignoredFiles = "Opened",
      libraryFiles = "Opened",
      neededFileStatus = {},
      severity = {},
      unusedLocalExclude = {},
      workspaceDelay = 3000,
      workspaceEvent = "OnSave",
      workspaceRate = 100
    },
    doc = {
      packageName = {},
      privateName = {},
      protectedName = {}
    },
    format = {
      defaultConfig = {},
      enable = true
    },
    hint = {
      arrayIndex = "Auto",
      await = true,
      enable = true,
      paramName = "All",
      paramType = true,
      semicolon = "SameLine",
      setType = false
    },
    hover = {
      enable = true,
      enumsLimit = 5,
      expandAlias = true,
      previewFields = 50,
      viewNumber = true,
      viewString = true,
      viewStringMax = 1000
    },
    misc = {
      executablePath = "",
      parameters = {}
    },
    runtime = {
      builtin = {},
      fileEncoding = "utf8",
      meta = "${version} ${language} ${encoding}",
      nonstandardSymbol = {},
      path = { "?.lua", "?/init.lua" },
      pathStrict = false,
      plugin = "",
      pluginArgs = {},
      special = {},
      unicodeName = false,
      version = "Lua 5.4"
    },
    semantic = {
      annotation = true,
      enable = true,
      keyword = false,
      variable = true
    },
    signatureHelp = {
      enable = true
    },
    spell = {
      dict = {}
    },
    type = {
      castNumberToInteger = true,
      weakNilCheck = false,
      weakUnionCheck = false
    },
    typeFormat = {
      config = {}
    },
    window = {
      progressBar = true,
      statusBar = true
    },
    workspace = {
      checkThirdParty = true,
      ignoreDir = { ".vscode" },
      ignoreSubmodules = true,
      library = {},
      maxPreload = 5000,
      preloadFileSize = 500,
      useGitIgnore = true,
      userThirdParty = {}
    }
  }
}
[15:53:45.686][info] [#0:script/library.lua:212]: Init builtin library at:	file:///home/goalarch/.config/awesome
[15:53:45.730][info] [#0:script/plugin.lua:86]: plugin path:	/home/goalarch/.config/awesome
[15:53:45.730][warn] [#0:script/plugin.lua:101]: plugin not found:	/home/goalarch/.config/awesome
[15:53:45.730][info] [#0:script/library.lua:212]: Init builtin library at:	nil
[15:53:45.756][info] [#0:script/provider/completion.lua:43]: Enable completion.
[15:53:45.867][info] [#0:script/workspace/workspace.lua:322]: Preload start:	file:///home/goalarch/.config/awesome
[15:53:45.874][info] [#0:script/workspace/workspace.lua:328]: Scan files at:	file:///home/goalarch/.config/awesome
[15:53:45.909][info] [#0:script/workspace/workspace.lua:322]: Preload start:	<fallback>
[15:53:45.916][info] [#0:script/workspace/workspace.lua:351]: Scan library at:	file:///home/goalarch/.config/coc/extensions/coc-sumneko-lua-data/sumneko-lua-ls/extension/server/meta/Lua%205.4%20en-us%20utf8/coroutine.lua
[15:53:45.917][info] [#0:script/workspace/workspace.lua:351]: Scan library at:	file:///home/goalarch/.config/coc/extensions/coc-sumneko-lua-data/sumneko-lua-ls/extension/server/meta/Lua%205.4%20en-us%20utf8/builtin.lua
[15:53:45.917][info] [#0:script/workspace/workspace.lua:351]: Scan library at:	file:///home/goalarch/.config/coc/extensions/coc-sumneko-lua-data/sumneko-lua-ls/extension/server/meta/Lua%205.4%20en-us%20utf8/utf8.lua
[15:53:45.917][info] [#0:script/workspace/workspace.lua:351]: Scan library at:	file:///home/goalarch/.config/coc/extensions/coc-sumneko-lua-data/sumneko-lua-ls/extension/server/meta/Lua%205.4%20en-us%20utf8/table.lua
[15:53:45.917][info] [#0:script/workspace/workspace.lua:351]: Scan library at:	file:///home/goalarch/.config/coc/extensions/coc-sumneko-lua-data/sumneko-lua-ls/extension/server/meta/Lua%205.4%20en-us%20utf8/io.lua
[15:53:45.921][info] [#0:script/workspace/workspace.lua:351]: Scan library at:	file:///home/goalarch/.config/coc/extensions/coc-sumneko-lua-data/sumneko-lua-ls/extension/server/meta/Lua%205.4%20en-us%20utf8/math.lua
[15:53:45.922][info] [#0:script/workspace/workspace.lua:351]: Scan library at:	file:///home/goalarch/.config/coc/extensions/coc-sumneko-lua-data/sumneko-lua-ls/extension/server/meta/Lua%205.4%20en-us%20utf8/string.lua
[15:53:45.922][info] [#0:script/workspace/workspace.lua:351]: Scan library at:	file:///home/goalarch/.config/coc/extensions/coc-sumneko-lua-data/sumneko-lua-ls/extension/server/meta/Lua%205.4%20en-us%20utf8/debug.lua
[15:53:45.922][info] [#0:script/workspace/workspace.lua:351]: Scan library at:	file:///home/goalarch/.config/coc/extensions/coc-sumneko-lua-data/sumneko-lua-ls/extension/server/meta/Lua%205.4%20en-us%20utf8/package.lua
[15:53:45.922][info] [#0:script/workspace/workspace.lua:351]: Scan library at:	file:///home/goalarch/.config/coc/extensions/coc-sumneko-lua-data/sumneko-lua-ls/extension/server/meta/Lua%205.4%20en-us%20utf8/os.lua
[15:53:45.923][info] [#0:script/workspace/workspace.lua:351]: Scan library at:	file:///home/goalarch/.config/coc/extensions/coc-sumneko-lua-data/sumneko-lua-ls/extension/server/meta/Lua%205.4%20en-us%20utf8/basic.lua
[15:53:45.988][info] [#0:script/workspace/workspace.lua:351]: Scan library at:	file:///home/goalarch/.config/coc/extensions/coc-sumneko-lua-data/sumneko-lua-ls/extension/server/meta/Lua%205.4%20en-us%20utf8/coroutine.lua
[15:53:45.988][info] [#0:script/workspace/workspace.lua:351]: Scan library at:	file:///home/goalarch/.config/coc/extensions/coc-sumneko-lua-data/sumneko-lua-ls/extension/server/meta/Lua%205.4%20en-us%20utf8/builtin.lua
[15:53:45.989][info] [#0:script/workspace/workspace.lua:351]: Scan library at:	file:///home/goalarch/.config/coc/extensions/coc-sumneko-lua-data/sumneko-lua-ls/extension/server/meta/Lua%205.4%20en-us%20utf8/utf8.lua
[15:53:45.989][info] [#0:script/workspace/workspace.lua:351]: Scan library at:	file:///home/goalarch/.config/coc/extensions/coc-sumneko-lua-data/sumneko-lua-ls/extension/server/meta/Lua%205.4%20en-us%20utf8/table.lua
[15:53:45.989][info] [#0:script/workspace/workspace.lua:351]: Scan library at:	file:///home/goalarch/.config/coc/extensions/coc-sumneko-lua-data/sumneko-lua-ls/extension/server/meta/Lua%205.4%20en-us%20utf8/io.lua
[15:53:45.989][info] [#0:script/workspace/workspace.lua:351]: Scan library at:	file:///home/goalarch/.config/coc/extensions/coc-sumneko-lua-data/sumneko-lua-ls/extension/server/meta/Lua%205.4%20en-us%20utf8/math.lua
[15:53:45.989][info] [#0:script/workspace/workspace.lua:351]: Scan library at:	file:///home/goalarch/.config/coc/extensions/coc-sumneko-lua-data/sumneko-lua-ls/extension/server/meta/Lua%205.4%20en-us%20utf8/string.lua
[15:53:45.989][info] [#0:script/workspace/workspace.lua:351]: Scan library at:	file:///home/goalarch/.config/coc/extensions/coc-sumneko-lua-data/sumneko-lua-ls/extension/server/meta/Lua%205.4%20en-us%20utf8/debug.lua
[15:53:45.989][info] [#0:script/workspace/workspace.lua:351]: Scan library at:	file:///home/goalarch/.config/coc/extensions/coc-sumneko-lua-data/sumneko-lua-ls/extension/server/meta/Lua%205.4%20en-us%20utf8/package.lua
[15:53:45.990][info] [#0:script/workspace/workspace.lua:351]: Scan library at:	file:///home/goalarch/.config/coc/extensions/coc-sumneko-lua-data/sumneko-lua-ls/extension/server/meta/Lua%205.4%20en-us%20utf8/os.lua
[15:53:45.990][info] [#0:script/workspace/workspace.lua:351]: Scan library at:	file:///home/goalarch/.config/coc/extensions/coc-sumneko-lua-data/sumneko-lua-ls/extension/server/meta/Lua%205.4%20en-us%20utf8/basic.lua
[15:53:46.090][info] [#0:script/workspace/workspace.lua:377]: Found 11 files at:	<fallback>
[15:53:46.090][info] [#0:script/workspace/loading.lua:161]: Load files from disk:	<fallback>
[15:53:46.090][info] [#0:script/workspace/workspace.lua:377]: Found 71 files at:	file:///home/goalarch/.config/awesome
[15:53:46.090][info] [#0:script/workspace/loading.lua:161]: Load files from disk:	file:///home/goalarch/.config/awesome
[15:53:46.092][info] [#0:script/workspace/loading.lua:89]: Skip loaded file: file:///home/goalarch/.config/awesome/rc.lua
[15:53:46.192][info] [#0:script/workspace/loading.lua:101]: Preload file at: file:///home/goalarch/.config/coc/extensions/coc-sumneko-lua-data/sumneko-lua-ls/extension/server/meta/Lua%205.4%20en-us%20utf8/basic.lua , size = 14.160 KB
[15:53:46.221][info] [#0:script/workspace/loading.lua:113]: ++++As library of:	file:///home/goalarch/.config/coc/extensions/coc-sumneko-lua-data/sumneko-lua-ls/extension/server/meta/Lua%205.4%20en-us%20utf8/basic.lua
[15:53:46.221][info] [#0:script/workspace/loading.lua:98]: Skip loaded file: file:///home/goalarch/.config/coc/extensions/coc-sumneko-lua-data/sumneko-lua-ls/extension/server/meta/Lua%205.4%20en-us%20utf8/basic.lua
[15:53:46.221][info] [#0:script/workspace/loading.lua:101]: Preload file at: file:///home/goalarch/.config/coc/extensions/coc-sumneko-lua-data/sumneko-lua-ls/extension/server/meta/Lua%205.4%20en-us%20utf8/os.lua , size = 4.347 KB
[15:53:46.233][info] [#0:script/workspace/loading.lua:113]: ++++As library of:	file:///home/goalarch/.config/coc/extensions/coc-sumneko-lua-data/sumneko-lua-ls/extension/server/meta/Lua%205.4%20en-us%20utf8/os.lua
[15:53:46.233][info] [#0:script/workspace/loading.lua:98]: Skip loaded file: file:///home/goalarch/.config/coc/extensions/coc-sumneko-lua-data/sumneko-lua-ls/extension/server/meta/Lua%205.4%20en-us%20utf8/os.lua
[15:53:46.233][info] [#0:script/workspace/loading.lua:101]: Preload file at: file:///home/goalarch/.config/coc/extensions/coc-sumneko-lua-data/sumneko-lua-ls/extension/server/meta/Lua%205.4%20en-us%20utf8/package.lua , size = 2.944 KB
[15:53:46.243][info] [#0:script/workspace/loading.lua:113]: ++++As library of:	file:///home/goalarch/.config/coc/extensions/coc-sumneko-lua-data/sumneko-lua-ls/extension/server/meta/Lua%205.4%20en-us%20utf8/package.lua
[15:53:46.243][info] [#0:script/workspace/loading.lua:98]: Skip loaded file: file:///home/goalarch/.config/coc/extensions/coc-sumneko-lua-data/sumneko-lua-ls/extension/server/meta/Lua%205.4%20en-us%20utf8/package.lua
[15:53:46.243][info] [#0:script/workspace/loading.lua:101]: Preload file at: file:///home/goalarch/.config/coc/extensions/coc-sumneko-lua-data/sumneko-lua-ls/extension/server/meta/Lua%205.4%20en-us%20utf8/debug.lua , size = 7.637 KB
[15:53:46.270][info] [#0:script/workspace/loading.lua:113]: ++++As library of:	file:///home/goalarch/.config/coc/extensions/coc-sumneko-lua-data/sumneko-lua-ls/extension/server/meta/Lua%205.4%20en-us%20utf8/debug.lua
[15:53:46.270][info] [#0:script/workspace/loading.lua:98]: Skip loaded file: file:///home/goalarch/.config/coc/extensions/coc-sumneko-lua-data/sumneko-lua-ls/extension/server/meta/Lua%205.4%20en-us%20utf8/debug.lua
[15:53:46.270][info] [#0:script/workspace/loading.lua:101]: Preload file at: file:///home/goalarch/.config/coc/extensions/coc-sumneko-lua-data/sumneko-lua-ls/extension/server/meta/Lua%205.4%20en-us%20utf8/string.lua , size = 6.183 KB
[15:53:46.284][info] [#0:script/workspace/loading.lua:113]: ++++As library of:	file:///home/goalarch/.config/coc/extensions/coc-sumneko-lua-data/sumneko-lua-ls/extension/server/meta/Lua%205.4%20en-us%20utf8/string.lua
[15:53:46.284][info] [#0:script/workspace/loading.lua:98]: Skip loaded file: file:///home/goalarch/.config/coc/extensions/coc-sumneko-lua-data/sumneko-lua-ls/extension/server/meta/Lua%205.4%20en-us%20utf8/string.lua
[15:53:46.284][info] [#0:script/workspace/loading.lua:101]: Preload file at: file:///home/goalarch/.config/coc/extensions/coc-sumneko-lua-data/sumneko-lua-ls/extension/server/meta/Lua%205.4%20en-us%20utf8/math.lua , size = 8.731 KB
[15:53:46.312][info] [#0:script/workspace/loading.lua:113]: ++++As library of:	file:///home/goalarch/.config/coc/extensions/coc-sumneko-lua-data/sumneko-lua-ls/extension/server/meta/Lua%205.4%20en-us%20utf8/math.lua
[15:53:46.312][info] [#0:script/workspace/loading.lua:98]: Skip loaded file: file:///home/goalarch/.config/coc/extensions/coc-sumneko-lua-data/sumneko-lua-ls/extension/server/meta/Lua%205.4%20en-us%20utf8/math.lua
[15:53:46.312][info] [#0:script/workspace/loading.lua:101]: Preload file at: file:///home/goalarch/.config/coc/extensions/coc-sumneko-lua-data/sumneko-lua-ls/extension/server/meta/Lua%205.4%20en-us%20utf8/io.lua , size = 6.364 KB
[15:53:46.324][info] [#0:script/workspace/loading.lua:113]: ++++As library of:	file:///home/goalarch/.config/coc/extensions/coc-sumneko-lua-data/sumneko-lua-ls/extension/server/meta/Lua%205.4%20en-us%20utf8/io.lua
[15:53:46.324][info] [#0:script/workspace/loading.lua:98]: Skip loaded file: file:///home/goalarch/.config/coc/extensions/coc-sumneko-lua-data/sumneko-lua-ls/extension/server/meta/Lua%205.4%20en-us%20utf8/io.lua
[15:53:46.324][info] [#0:script/workspace/loading.lua:101]: Preload file at: file:///home/goalarch/.config/coc/extensions/coc-sumneko-lua-data/sumneko-lua-ls/extension/server/meta/Lua%205.4%20en-us%20utf8/table.lua , size = 4.230 KB
[15:53:46.340][info] [#0:script/workspace/loading.lua:113]: ++++As library of:	file:///home/goalarch/.config/coc/extensions/coc-sumneko-lua-data/sumneko-lua-ls/extension/server/meta/Lua%205.4%20en-us%20utf8/table.lua
[15:53:46.344][info] [#0:script/workspace/loading.lua:98]: Skip loaded file: file:///home/goalarch/.config/coc/extensions/coc-sumneko-lua-data/sumneko-lua-ls/extension/server/meta/Lua%205.4%20en-us%20utf8/table.lua
[15:53:46.344][info] [#0:script/workspace/loading.lua:101]: Preload file at: file:///home/goalarch/.config/coc/extensions/coc-sumneko-lua-data/sumneko-lua-ls/extension/server/meta/Lua%205.4%20en-us%20utf8/utf8.lua , size = 2.386 KB
[15:53:46.351][info] [#0:script/workspace/loading.lua:113]: ++++As library of:	file:///home/goalarch/.config/coc/extensions/coc-sumneko-lua-data/sumneko-lua-ls/extension/server/meta/Lua%205.4%20en-us%20utf8/utf8.lua
[15:53:46.351][info] [#0:script/workspace/loading.lua:98]: Skip loaded file: file:///home/goalarch/.config/coc/extensions/coc-sumneko-lua-data/sumneko-lua-ls/extension/server/meta/Lua%205.4%20en-us%20utf8/utf8.lua
[15:53:46.351][info] [#0:script/workspace/loading.lua:101]: Preload file at: file:///home/goalarch/.config/coc/extensions/coc-sumneko-lua-data/sumneko-lua-ls/extension/server/meta/Lua%205.4%20en-us%20utf8/builtin.lua , size = 0.302 KB
[15:53:46.352][info] [#0:script/workspace/loading.lua:113]: ++++As library of:	file:///home/goalarch/.config/coc/extensions/coc-sumneko-lua-data/sumneko-lua-ls/extension/server/meta/Lua%205.4%20en-us%20utf8/builtin.lua
[15:53:46.352][info] [#0:script/workspace/loading.lua:98]: Skip loaded file: file:///home/goalarch/.config/coc/extensions/coc-sumneko-lua-data/sumneko-lua-ls/extension/server/meta/Lua%205.4%20en-us%20utf8/builtin.lua
[15:53:46.352][info] [#0:script/workspace/loading.lua:101]: Preload file at: file:///home/goalarch/.config/coc/extensions/coc-sumneko-lua-data/sumneko-lua-ls/extension/server/meta/Lua%205.4%20en-us%20utf8/coroutine.lua , size = 2.590 KB
[15:53:46.358][info] [#0:script/workspace/loading.lua:113]: ++++As library of:	file:///home/goalarch/.config/coc/extensions/coc-sumneko-lua-data/sumneko-lua-ls/extension/server/meta/Lua%205.4%20en-us%20utf8/coroutine.lua
[15:53:46.358][info] [#0:script/workspace/loading.lua:98]: Skip loaded file: file:///home/goalarch/.config/coc/extensions/coc-sumneko-lua-data/sumneko-lua-ls/extension/server/meta/Lua%205.4%20en-us%20utf8/coroutine.lua
[15:53:46.358][info] [#0:script/workspace/loading.lua:101]: Preload file at: file:///home/goalarch/.config/awesome/awesome-wm-widgets/battery-widget/battery.lua , size = 7.951 KB
[15:53:46.379][info] [#0:script/workspace/loading.lua:101]: Preload file at: file:///home/goalarch/.config/awesome/awesome-wm-widgets/pacman-widget/pacman.lua , size = 8.645 KB
[15:53:46.393][info] [#0:script/workspace/loading.lua:101]: Preload file at: file:///home/goalarch/.config/awesome/awesome-wm-widgets/brightness-widget/brightness.lua , size = 6.572 KB
[15:53:46.407][info] [#0:script/workspace/loading.lua:101]: Preload file at: file:///home/goalarch/.config/awesome/awesome-wm-widgets/run-shell/run-shell.lua , size = 5.407 KB
[15:53:46.417][info] [#0:script/workspace/loading.lua:101]: Preload file at: file:///home/goalarch/.config/awesome/awesome-wm-widgets/spotify-widget/spotify.lua , size = 6.171 KB
[15:53:46.441][info] [#0:script/workspace/loading.lua:101]: Preload file at: file:///home/goalarch/.config/awesome/awesome-wm-widgets/word-clock-widget/word-clock.lua , size = 4.261 KB
[15:53:46.458][info] [#0:script/workspace/loading.lua:101]: Preload file at: file:///home/goalarch/.config/awesome/awesome-wm-widgets/run-shell-3/run-shell.lua , size = 4.256 KB
[15:53:46.465][info] [#0:script/workspace/loading.lua:101]: Preload file at: file:///home/goalarch/.config/awesome/awesome-wm-widgets/batteryarc-widget/batteryarc.lua , size = 5.863 KB
[15:53:46.477][info] [#0:script/workspace/loading.lua:101]: Preload file at: file:///home/goalarch/.config/awesome/awesome-wm-widgets/gerrit-widget/gerrit.lua , size = 8.176 KB
[15:53:46.494][info] [#0:script/workspace/loading.lua:101]: Preload file at: file:///home/goalarch/.config/awesome/awesome-wm-widgets/experiments/spotify-player/spotify-player.lua , size = 6.315 KB
[15:53:46.501][info] [#0:script/workspace/loading.lua:101]: Preload file at: file:///home/goalarch/.config/awesome/awesome-wm-widgets/pactl-widget/volume.lua , size = 7.203 KB
[15:53:46.509][info] [#0:script/workspace/loading.lua:101]: Preload file at: file:///home/goalarch/.config/awesome/awesome-wm-widgets/pactl-widget/utils.lua , size = 0.495 KB
[15:53:46.510][info] [#0:script/workspace/loading.lua:101]: Preload file at: file:///home/goalarch/.config/awesome/awesome-wm-widgets/pactl-widget/pactl.lua , size = 3.265 KB
[15:53:46.514][info] [#0:script/workspace/loading.lua:101]: Preload file at: file:///home/goalarch/.config/awesome/awesome-wm-widgets/github-activity-widget/github-activity-widget.lua , size = 9.989 KB
[15:53:46.524][info] [#0:script/workspace/loading.lua:101]: Preload file at: file:///home/goalarch/.config/awesome/awesome-wm-widgets/cmus-widget/cmus.lua , size = 4.490 KB
[15:53:46.529][info] [#0:script/workspace/loading.lua:101]: Preload file at: file:///home/goalarch/.config/awesome/awesome-wm-widgets/apt-widget/apt-widget.lua , size = 12.388 KB
[15:53:46.568][info] [#0:script/workspace/loading.lua:101]: Preload file at: file:///home/goalarch/.config/awesome/awesome-wm-widgets/net-speed-widget/net-speed.lua , size = 3.490 KB
[15:53:46.577][info] [#0:script/workspace/loading.lua:101]: Preload file at: file:///home/goalarch/.config/awesome/awesome-wm-widgets/bitbucket-widget/bitbucket.lua , size = 14.152 KB
[15:53:46.616][info] [#0:script/workspace/loading.lua:101]: Preload file at: file:///home/goalarch/.config/awesome/awesome-wm-widgets/jira-widget/jira.lua , size = 10.424 KB
[15:53:46.644][info] [#0:script/workspace/loading.lua:101]: Preload file at: file:///home/goalarch/.config/awesome/awesome-wm-widgets/translate-widget/translate.lua , size = 6.237 KB
[15:53:46.654][info] [#0:script/workspace/loading.lua:101]: Preload file at: file:///home/goalarch/.config/awesome/awesome-wm-widgets/mpris-widget/init.lua , size = 6.173 KB
[15:53:46.666][info] [#0:script/workspace/loading.lua:101]: Preload file at: file:///home/goalarch/.config/awesome/awesome-wm-widgets/calendar-widget/calendar.lua , size = 8.575 KB
[15:53:46.681][info] [#0:script/workspace/loading.lua:101]: Preload file at: file:///home/goalarch/.config/awesome/awesome-wm-widgets/todo-widget/todo.lua , size = 11.562 KB
[15:53:46.710][info] [#0:script/workspace/loading.lua:101]: Preload file at: file:///home/goalarch/.config/awesome/awesome-wm-widgets/email-widget/email.lua , size = 1.351 KB
[15:53:46.711][info] [#0:script/workspace/loading.lua:101]: Preload file at: file:///home/goalarch/.config/awesome/awesome-wm-widgets/mpdarc-widget/mpdarc.lua , size = 3.920 KB
[15:53:46.716][info] [#0:script/workspace/loading.lua:101]: Preload file at: file:///home/goalarch/.config/awesome/awesome-wm-widgets/docker-widget/docker.lua , size = 14.402 KB
[15:53:46.729][info] [#0:script/workspace/loading.lua:101]: Preload file at: file:///home/goalarch/.config/awesome/awesome-wm-widgets/stackoverflow-widget/stackoverflow.lua , size = 3.986 KB
[15:53:46.733][info] [#0:script/workspace/loading.lua:101]: Preload file at: file:///home/goalarch/.config/awesome/awesome-wm-widgets/pomodoroarc-widget/pomodoroarc.lua , size = 4.482 KB
[15:53:46.740][info] [#0:script/workspace/loading.lua:101]: Preload file at: file:///home/goalarch/.config/awesome/awesome-wm-widgets/run-shell-2/run-shell-2.lua , size = 2.919 KB
[15:53:46.743][info] [#0:script/workspace/loading.lua:101]: Preload file at: file:///home/goalarch/.config/awesome/awesome-wm-widgets/run-shell-2/run.lua , size = 0.378 KB
[15:53:46.744][info] [#0:script/workspace/loading.lua:101]: Preload file at: file:///home/goalarch/.config/awesome/awesome-wm-widgets/logout-menu-widget/logout-menu.lua , size = 4.403 KB
[15:53:46.750][info] [#0:script/workspace/loading.lua:101]: Preload file at: file:///home/goalarch/.config/awesome/awesome-wm-widgets/github-contributions-widget/themes.lua , size = 0.892 KB
[15:53:46.751][info] [#0:script/workspace/loading.lua:101]: Preload file at: file:///home/goalarch/.config/awesome/awesome-wm-widgets/github-contributions-widget/github-contributions-widget.lua , size = 3.362 KB
[15:53:46.755][info] [#0:script/workspace/loading.lua:101]: Preload file at: file:///home/goalarch/.config/awesome/awesome-wm-widgets/cpu-widget/cpu-widget.lua , size = 12.683 KB
[15:53:46.769][info] [#0:script/workspace/loading.lua:101]: Preload file at: file:///home/goalarch/.config/awesome/awesome-wm-widgets/weather-widget/weather.lua , size = 20.646 KB
[15:53:46.799][info] [#0:script/workspace/loading.lua:101]: Preload file at: file:///home/goalarch/.config/awesome/awesome-wm-widgets/weather-widget/locale/de.lua , size = 0.341 KB
[15:53:46.800][info] [#0:script/workspace/loading.lua:101]: Preload file at: file:///home/goalarch/.config/awesome/awesome-wm-widgets/weather-widget/locale/en.lua , size = 0.360 KB
[15:53:46.801][info] [#0:script/workspace/loading.lua:101]: Preload file at: file:///home/goalarch/.config/awesome/awesome-wm-widgets/weather-widget/locale/pt.lua , size = 0.372 KB
[15:53:46.801][info] [#0:script/workspace/loading.lua:101]: Preload file at: file:///home/goalarch/.config/awesome/awesome-wm-widgets/weather-widget/locale/fr.lua , size = 0.387 KB
[15:53:46.802][info] [#0:script/workspace/loading.lua:101]: Preload file at: file:///home/goalarch/.config/awesome/awesome-wm-widgets/github-prs-widget/init.lua , size = 16.103 KB
[15:53:46.815][info] [#0:script/workspace/loading.lua:101]: Preload file at: file:///home/goalarch/.config/awesome/awesome-wm-widgets/logout-popup-widget/logout-popup.lua , size = 5.771 KB
[15:53:46.821][info] [#0:script/workspace/loading.lua:101]: Preload file at: file:///home/goalarch/.config/awesome/awesome-wm-widgets/volume-widget/volume.lua , size = 7.855 KB
[15:53:46.829][info] [#0:script/workspace/loading.lua:101]: Preload file at: file:///home/goalarch/.config/awesome/awesome-wm-widgets/volume-widget/utils.lua , size = 2.819 KB
[15:53:46.833][info] [#0:script/workspace/loading.lua:101]: Preload file at: file:///home/goalarch/.config/awesome/awesome-wm-widgets/volume-widget/widgets/arc-widget.lua , size = 1.238 KB
[15:53:46.835][info] [#0:script/workspace/loading.lua:101]: Preload file at: file:///home/goalarch/.config/awesome/awesome-wm-widgets/volume-widget/widgets/horizontal-bar-widget.lua , size = 1.775 KB
[15:53:46.837][info] [#0:script/workspace/loading.lua:101]: Preload file at: file:///home/goalarch/.config/awesome/awesome-wm-widgets/volume-widget/widgets/vertical-bar-widget.lua , size = 1.976 KB
[15:53:46.839][info] [#0:script/workspace/loading.lua:101]: Preload file at: file:///home/goalarch/.config/awesome/awesome-wm-widgets/volume-widget/widgets/icon-widget.lua , size = 1.478 KB
[15:53:46.840][info] [#0:script/workspace/loading.lua:101]: Preload file at: file:///home/goalarch/.config/awesome/awesome-wm-widgets/volume-widget/widgets/icon-and-text-widget.lua , size = 1.829 KB
[15:53:46.842][info] [#0:script/workspace/loading.lua:101]: Preload file at: file:///home/goalarch/.config/awesome/awesome-wm-widgets/ram-widget/ram-widget.lua , size = 3.404 KB
[15:53:46.847][info] [#0:script/workspace/loading.lua:101]: Preload file at: file:///home/goalarch/.config/awesome/awesome-wm-widgets/gitlab-widget/gitlab.lua , size = 15.017 KB
[15:53:46.861][info] [#0:script/workspace/loading.lua:101]: Preload file at: file:///home/goalarch/.config/awesome/awesome-wm-widgets/fs-widget/fs-widget.lua , size = 6.481 KB
[15:53:46.870][info] [#0:script/workspace/loading.lua:101]: Preload file at: file:///home/goalarch/.config/awesome/awesome-wm-widgets/spotify-shell/spotify-shell.lua , size = 1.877 KB
[15:53:46.872][info] [#0:script/workspace/loading.lua:101]: Preload file at: file:///home/goalarch/.config/awesome/colors/init.lua , size = 0.000 KB
[15:53:46.873][info] [#0:script/workspace/loading.lua:101]: Preload file at: file:///home/goalarch/.config/awesome/themes/theme.lua , size = 5.928 KB
[15:53:46.878][info] [#0:script/workspace/loading.lua:101]: Preload file at: file:///home/goalarch/.config/awesome/taglist/init.lua , size = 0.000 KB
[15:53:46.878][info] [#0:script/workspace/loading.lua:101]: Preload file at: file:///home/goalarch/.config/awesome/net_widgets/wireless.lua , size = 7.500 KB
[15:53:46.890][info] [#0:script/workspace/loading.lua:101]: Preload file at: file:///home/goalarch/.config/awesome/net_widgets/init.lua , size = 0.323 KB
[15:53:46.890][info] [#0:script/workspace/loading.lua:101]: Preload file at: file:///home/goalarch/.config/awesome/net_widgets/indicator.lua , size = 14.043 KB
[15:53:46.919][info] [#0:script/workspace/loading.lua:101]: Preload file at: file:///home/goalarch/.config/awesome/net_widgets/internet.lua , size = 2.004 KB
[15:53:46.925][info] [#0:script/workspace/loading.lua:173]: Loaded files takes [0.459] sec: <fallback>
[15:53:46.925][info] [#0:script/workspace/loading.lua:182]: Compile files takes [0.000] sec: <fallback>
[15:53:46.925][info] [#0:script/workspace/loading.lua:183]: Loaded finish:	<fallback>
[15:53:46.925][info] [#0:script/workspace/workspace.lua:379]: Preload finish at:	<fallback>
[15:53:46.952][info] [#0:script/workspace/loading.lua:173]: Loaded files takes [0.477] sec: file:///home/goalarch/.config/awesome
[15:53:46.953][info] [#0:script/workspace/loading.lua:182]: Compile files takes [0.000] sec: file:///home/goalarch/.config/awesome
[15:53:46.953][info] [#0:script/workspace/loading.lua:183]: Loaded finish:	file:///home/goalarch/.config/awesome
[15:53:46.953][info] [#0:script/workspace/workspace.lua:379]: Preload finish at:	file:///home/goalarch/.config/awesome
[15:53:46.999][warn] [#0:script/proto/proto.lua:129]: Response of [workspace/diagnostic/refresh] error [-32601]: Unhandled method workspace/diagnostic/refresh
[15:53:46.999][warn] [#0:script/proto/proto.lua:129]: Response of [workspace/diagnostic/refresh] error [-32601]: Unhandled method workspace/diagnostic/refresh
[15:53:47.000][info] [#0:script/provider/diagnostic.lua:557]: Diagnostics scope [file:///home/goalarch/.config/awesome], files count:[71]
[15:53:47.000][warn] [#0:script/proto/proto.lua:178]: Method [textDocument/didOpen] takes [0.619]sec. {
  jsonrpc = "2.0",
  method = "textDocument/didOpen",
  params = {
    textDocument = {
      languageId = "lua",
      text = '"***"',
      uri = "file:///home/goalarch/.config/awesome/rc.lua",
      version = 1
    }
  }
}
[15:53:50.607][info] [#0:script/provider/diagnostic.lua:574]: Diagnostics scope [file:///home/goalarch/.config/awesome] finished, takes [1.860] sec.
[15:54:29.875][info] [#0:script/provider/diagnostic.lua:557]: Diagnostics scope [file:///home/goalarch/.config/awesome], files count:[71]
[15:54:32.675][info] [#0:script/provider/diagnostic.lua:574]: Diagnostics scope [file:///home/goalarch/.config/awesome] finished, takes [1.522] sec.
